<?xml version="1.0" encoding="UTF-8"?>
<!-- Generated by org.testng.reporters.JUnitReportReporter -->
<testsuite hostname="DESKTOP-UVA1QJD" failures="0" tests="1" name="testCases.TC_002_Login" time="6.347" errors="0" timestamp="2022-07-08T17:26:13 BST" skipped="0">
  <testcase classname="testCases.TC_002_Login" name="test_login" time="6.347"/>
  <system-out/>
</testsuite> <!-- testCases.TC_002_Login -->
