<?xml version="1.0" encoding="UTF-8"?>
<!-- Generated by org.testng.reporters.JUnitReportReporter -->
<testsuite hostname="DESKTOP-UVA1QJD" failures="0" tests="1" name="testCases.TC_001_AccountRegistration" time="7.164" errors="0" timestamp="2022-07-08T17:26:13 BST" skipped="0">
  <testcase classname="testCases.TC_001_AccountRegistration" name="test_account_Registration" time="7.164"/>
  <system-out/>
</testsuite> <!-- testCases.TC_001_AccountRegistration -->
